<?xml version="1.0" encoding="UTF-8"?>
<!-- Generated by org.testng.reporters.JUnitXMLReporter -->
<testsuite ignored="0" hostname="LAPTOP-JHT5TKRK" failures="0" tests="5" name="Default test" time="0.522" errors="0" timestamp="2022-07-03T16:00:51 IST">
  <testcase classname="Test.TestNgAnnotationDataProvider" name="test1" time="0.004"/>
  <testcase classname="Test.TestNgAnnotationDataProvider" name="test1" time="0.001"/>
  <testcase classname="Test.TestNgAnnotationDataProvider" name="test1" time="0.001"/>
  <testcase classname="Test.TestNgAnnotationDataProvider" name="test2" time="0.001"/>
  <testcase classname="Test.TestNgAnnotationDataProvider" name="test2" time="0.001"/>
</testsuite> <!-- Default test -->
