<?xml version="1.0" encoding="UTF-8"?>
<testng-results ignored="0" total="1" passed="1" failed="0" skipped="0">
  <reporter-output>
  </reporter-output>
  <suite started-at="2022-07-10T18:02:06 IST" name="Default suite" finished-at="2022-07-10T18:02:41 IST" duration-ms="34895">
    <groups>
    </groups>
    <test started-at="2022-07-10T18:02:06 IST" name="Default test" finished-at="2022-07-10T18:02:41 IST" duration-ms="34895">
      <class name="test.ZerodhaLogInPageTest">
        <test-method is-config="true" signature="openBrowser()[pri:0, instance:test.ZerodhaLogInPageTest@4d9e68d0]" started-at="2022-07-10T18:02:06 IST" name="openBrowser" finished-at="2022-07-10T18:02:39 IST" duration-ms="32066" status="PASS">
          <reporter-output>
          </reporter-output>
        </test-method> <!-- openBrowser -->
        <test-method signature="loginTest()[pri:0, instance:test.ZerodhaLogInPageTest@4d9e68d0]" started-at="2022-07-10T18:02:39 IST" name="loginTest" finished-at="2022-07-10T18:02:41 IST" duration-ms="2803" status="PASS">
          <reporter-output>
          </reporter-output>
        </test-method> <!-- loginTest -->
      </class> <!-- test.ZerodhaLogInPageTest -->
    </test> <!-- Default test -->
  </suite> <!-- Default suite -->
</testng-results>
